<?xml version="1.0" encoding="UTF-8"?>
<testng-results ignored="0" total="1" passed="1" failed="0" skipped="0">
  <reporter-output>
  </reporter-output>
  <suite started-at="2024-01-11T14:45:19 CET" name="Suite" finished-at="2024-01-11T14:45:50 CET" duration-ms="30294">
    <groups>
      <group name="RegressionSuite">
        <method signature="CreateContactWithLeadSourceTest.createContactWithLead()[pri:0, instance:contactsTests.CreateContactWithLeadSourceTest@34123d65]" name="createContactWithLead" class="contactsTests.CreateContactWithLeadSourceTest"/>
      </group> <!-- RegressionSuite -->
    </groups>
    <test started-at="2024-01-11T14:45:19 CET" name="Test" finished-at="2024-01-11T14:45:50 CET" duration-ms="30294">
      <class name="contactsTests.CreateContactWithLeadSourceTest">
        <test-method is-config="true" signature="bsConfig()[pri:0, instance:contactsTests.CreateContactWithLeadSourceTest@34123d65]" started-at="2024-01-11T14:45:19 CET" name="bsConfig" finished-at="2024-01-11T14:45:19 CET" duration-ms="9" status="PASS">
          <reporter-output>
          </reporter-output>
        </test-method> <!-- bsConfig -->
        <test-method is-config="true" signature="bcConfig()[pri:0, instance:contactsTests.CreateContactWithLeadSourceTest@34123d65]" started-at="2024-01-11T14:45:20 CET" name="bcConfig" finished-at="2024-01-11T14:45:25 CET" duration-ms="5444" status="PASS">
          <reporter-output>
          </reporter-output>
        </test-method> <!-- bcConfig -->
        <test-method is-config="true" signature="bmConfig()[pri:0, instance:contactsTests.CreateContactWithLeadSourceTest@34123d65]" started-at="2024-01-11T14:45:25 CET" name="bmConfig" finished-at="2024-01-11T14:45:30 CET" duration-ms="4297" status="PASS">
          <reporter-output>
          </reporter-output>
        </test-method> <!-- bmConfig -->
        <test-method signature="createContactWithLead()[pri:0, instance:contactsTests.CreateContactWithLeadSourceTest@34123d65]" started-at="2024-01-11T14:45:30 CET" name="createContactWithLead" finished-at="2024-01-11T14:45:46 CET" duration-ms="16157" status="PASS">
          <reporter-output>
          </reporter-output>
        </test-method> <!-- createContactWithLead -->
        <test-method is-config="true" signature="amConfig()[pri:0, instance:contactsTests.CreateContactWithLeadSourceTest@34123d65]" started-at="2024-01-11T14:45:46 CET" name="amConfig" finished-at="2024-01-11T14:45:49 CET" duration-ms="3108" status="PASS">
          <reporter-output>
          </reporter-output>
        </test-method> <!-- amConfig -->
        <test-method is-config="true" signature="acConfig()[pri:0, instance:contactsTests.CreateContactWithLeadSourceTest@34123d65]" started-at="2024-01-11T14:45:49 CET" name="acConfig" finished-at="2024-01-11T14:45:50 CET" duration-ms="681" status="PASS">
          <reporter-output>
          </reporter-output>
        </test-method> <!-- acConfig -->
        <test-method is-config="true" signature="asConfig()[pri:0, instance:contactsTests.CreateContactWithLeadSourceTest@34123d65]" started-at="2024-01-11T14:45:50 CET" name="asConfig" finished-at="2024-01-11T14:45:50 CET" duration-ms="3" status="PASS">
          <reporter-output>
          </reporter-output>
        </test-method> <!-- asConfig -->
      </class> <!-- contactsTests.CreateContactWithLeadSourceTest -->
    </test> <!-- Test -->
  </suite> <!-- Suite -->
</testng-results>
